Loaded 30 companies: ['GOOGL', 'JPM', 'NVDA', 'BAG', 'AAPL', 'AMZN', 'GS', 'META', 'MSFT', 'MS', 'C', 'AVGD', 'MU', 'ASML', 'WMT', 'TSM', 'ASND', 'GE', 'V', 'NFLX', 'GEV', 'UBER', 'REGN', 'LLY', 'ISRG', 'ORCL', 'MRVL', 'TOL', 'IBM', 'GLW']
Fetching GOOGL...
  quote ok: 347.5
Fetching JPM...
  quote ok: 331.46
Fetching NVDA...
  quote ok: 208.68
Fetching BAG...
  no quote data for BAG, skipping
Fetching AAPL...
  quote ok: 299.5
Fetching AMZN...
  quote ok: 234.12
Fetching GS...
  quote ok: 1102.46
Fetching META...
  quote ok: 563.96
Fetching MSFT...
  quote ok: 370.01
Fetching MS...
  quote ok: 227.67
Fetching C...
  quote ok: 145.62
Fetching AVGD...
  no quote data for AVGD, skipping
Fetching MU...
  quote ok: 1199.06
Fetching ASML...
  quote ok: 1889.3
Fetching WMT...
  quote ok: 117.23
Fetching TSM...
  quote ok: 466.83
Fetching ASND...
  quote ok: 231.23
Fetching GE...
  quote ok: 356.49
Fetching V...
  quote ok: 328.6
Fetching NFLX...
  quote ok: 73.08
Fetching GEV...
  quote ok: 1123.43
Fetching UBER...
  quote ok: 72.34
Fetching REGN...
  quote ok: 608.12
Fetching LLY...
  quote ok: 1110.37
Fetching ISRG...
  quote ok: 401.64
Fetching ORCL...
  quote ok: 176.03
Fetching MRVL...
  quote ok: 306.83
Fetching TOL...
  quote ok: 152.79
Fetching IBM...
  quote ok: 245.35
Fetching GLW...
  quote ok: 207.52

Done. 28 companies processed.